  rendererNitro.cpp
C:\Soft3D\Soft3D\SoftEngine\SoftTypes.h(186,16): warning C4244: '=': conversion from 'double' to 'float', possible loss of data
C:\Soft3D\Soft3D\SoftEngine\SoftTypes.h(198,16): warning C4244: '=': conversion from 'double' to 'float', possible loss of data
C:\Soft3D\Soft3D\SoftEngine\SoftTypes.h(210,16): warning C4244: '=': conversion from 'double' to 'float', possible loss of data
C:\Program Files (x86)\Windows Kits\10\Include\10.0.22000.0\shared\minwindef.h(130,1): warning C4005: 'APIENTRY': macro redefinition
C:\Soft3D\Soft3D\packages\glfw.3.3.8\build\native\include\GLFW\glfw3.h(123,1): message : see previous definition of 'APIENTRY'
C:\Soft3D\Soft3D\SoftEngine\rendererNitro.cpp(43,117): warning C4305: 'argument': truncation from 'double' to 'float'
C:\Soft3D\Soft3D\SoftEngine\rendererNitro.cpp(45,34): warning C4244: '=': conversion from 'int' to 'float', possible loss of data
C:\Soft3D\Soft3D\SoftEngine\rendererNitro.cpp(46,35): warning C4244: '=': conversion from 'int' to 'float', possible loss of data
C:\Soft3D\Soft3D\SoftEngine\rendererNitro.cpp(125,24): warning C4305: '=': truncation from 'double' to 'float'
C:\Soft3D\Soft3D\SoftEngine\rendererNitro.cpp(155,12): warning C4101: 'tg': unreferenced local variable
C:\Soft3D\Soft3D\SoftEngine\rendererNitro.cpp(155,8): warning C4101: 'tr': unreferenced local variable
C:\Soft3D\Soft3D\SoftEngine\rendererNitro.cpp(155,16): warning C4101: 'tb': unreferenced local variable
  Replacing x64\Debug\pch.obj
fmod_vc.lib(fmod.dll) : warning LNK4006: __NULL_IMPORT_DESCRIPTOR already defined in assimp-vc142-mtd.lib(assimp-vc142-mtd.dll); second definition ignored
Videon.lib(swscale-5.dll) : warning LNK4006: __NULL_IMPORT_DESCRIPTOR already defined in assimp-vc142-mtd.lib(assimp-vc142-mtd.dll); second definition ignored
Videon.lib(swresample-3.dll) : warning LNK4006: __NULL_IMPORT_DESCRIPTOR already defined in assimp-vc142-mtd.lib(assimp-vc142-mtd.dll); second definition ignored
Videon.lib(postproc-55.dll) : warning LNK4006: __NULL_IMPORT_DESCRIPTOR already defined in assimp-vc142-mtd.lib(assimp-vc142-mtd.dll); second definition ignored
Videon.lib(avutil-56.dll) : warning LNK4006: __NULL_IMPORT_DESCRIPTOR already defined in assimp-vc142-mtd.lib(assimp-vc142-mtd.dll); second definition ignored
Videon.lib(avformat-58.dll) : warning LNK4006: __NULL_IMPORT_DESCRIPTOR already defined in assimp-vc142-mtd.lib(assimp-vc142-mtd.dll); second definition ignored
Videon.lib(avfilter-7.dll) : warning LNK4006: __NULL_IMPORT_DESCRIPTOR already defined in assimp-vc142-mtd.lib(assimp-vc142-mtd.dll); second definition ignored
Videon.lib(avdevice-58.dll) : warning LNK4006: __NULL_IMPORT_DESCRIPTOR already defined in assimp-vc142-mtd.lib(assimp-vc142-mtd.dll); second definition ignored
Videon.lib(avcodec-58.dll) : warning LNK4006: __NULL_IMPORT_DESCRIPTOR already defined in assimp-vc142-mtd.lib(assimp-vc142-mtd.dll); second definition ignored
Importer.obj : warning LNK4006: "public: enum aiReturn __cdecl aiMaterial::Get(char const *,unsigned int,unsigned int,struct aiColor3D &)const " (?Get@aiMaterial@@QEBA?AW4aiReturn@@PEBDIIAEAUaiColor3D@@@Z) already defined in assimp-vc142-mtd.lib(assimp-vc142-mtd.dll); second definition ignored
  SoftEngine.vcxproj -> C:\Soft3D\Soft3D\x64\Debug\SoftEngine.lib
